<?xml version="1.0" encoding="UTF-8"?>
<testng-results ignored="0" total="2" passed="1" failed="1" skipped="0">
  <reporter-output>
  </reporter-output>
  <suite started-at="2025-01-17T18:00:46 IST" name="Default suite" finished-at="2025-01-17T18:01:49 IST" duration-ms="62787">
    <groups>
    </groups>
    <test started-at="2025-01-17T18:00:46 IST" name="Default test" finished-at="2025-01-17T18:01:49 IST" duration-ms="62787">
      <class name="niuHealth.cancelVirtualVisit">
        <test-method is-config="true" signature="configureReports()[pri:0, instance:niuHealth.cancelVirtualVisit@6392827e]" started-at="2025-01-17T18:00:46 IST" name="configureReports" finished-at="2025-01-17T18:00:46 IST" duration-ms="275" status="PASS">
          <reporter-output>
          </reporter-output>
        </test-method> <!-- configureReports -->
        <test-method is-config="true" signature="launchChrome()[pri:0, instance:niuHealth.cancelVirtualVisit@6392827e]" started-at="2025-01-17T18:00:46 IST" name="launchChrome" finished-at="2025-01-17T18:00:57 IST" duration-ms="10867" status="PASS">
          <reporter-output>
          </reporter-output>
        </test-method> <!-- launchChrome -->
        <test-method signature="cancelVirtualVisitFromMyAppointment()[pri:0, instance:niuHealth.cancelVirtualVisit@6392827e]" started-at="2025-01-17T18:00:57 IST" name="cancelVirtualVisitFromMyAppointment" finished-at="2025-01-17T18:01:14 IST" duration-ms="16568" status="PASS">
          <reporter-output>
          </reporter-output>
        </test-method> <!-- cancelVirtualVisitFromMyAppointment -->
        <test-method is-config="true" signature="publishReports(org.testng.ITestResult)[pri:0, instance:niuHealth.cancelVirtualVisit@6392827e]" started-at="2025-01-17T18:01:14 IST" name="publishReports" finished-at="2025-01-17T18:01:14 IST" duration-ms="157" status="PASS">
          <params>
            <param index="0">
              <value>
                <![CDATA[[TestResult name=cancelVirtualVisitFromMyAppointment status=SUCCESS method=cancelVirtualVisit.cancelVirtualVisitFromMyAppointment()[pri:0, instance:niuHealth.cancelVirtualVisit@6392827e] output={null}]]]>
              </value>
            </param>
          </params>
          <reporter-output>
          </reporter-output>
        </test-method> <!-- publishReports -->
        <test-method is-config="true" signature="launchChrome()[pri:0, instance:niuHealth.cancelVirtualVisit@6392827e]" started-at="2025-01-17T18:01:14 IST" name="launchChrome" finished-at="2025-01-17T18:01:22 IST" duration-ms="8266" status="PASS">
          <reporter-output>
          </reporter-output>
        </test-method> <!-- launchChrome -->
        <test-method signature="testCancelVisit()[pri:0, instance:niuHealth.cancelVirtualVisit@6392827e]" started-at="2025-01-17T18:01:22 IST" name="testCancelVisit" finished-at="2025-01-17T18:01:48 IST" duration-ms="26177" status="FAIL">
          <exception class="java.lang.AssertionError">
            <message>
              <![CDATA[expected [No Upcoming Appointments] but found [Appointment With:
Dr David Galuska
Scheduled
Provider
Jan 17, 2025
12:15 PM
Service Title :
Weight loss services
Symptoms :
Cough
Cancel Visit]]]>
            </message>
            <full-stacktrace>
              <![CDATA[java.lang.AssertionError: expected [No Upcoming Appointments] but found [Appointment With:
Dr David Galuska
Scheduled
Provider
Jan 17, 2025
12:15 PM
Service Title :
Weight loss services
Symptoms :
Cough
Cancel Visit]
at org.testng.Assert.fail(Assert.java:99)
at org.testng.Assert.failNotEquals(Assert.java:1037)
at org.testng.Assert.assertEqualsImpl(Assert.java:140)
at org.testng.Assert.assertEquals(Assert.java:122)
at org.testng.Assert.assertEquals(Assert.java:629)
at org.testng.Assert.assertEquals(Assert.java:639)
at pom.NiuVirtualVisitPage.yesCancelVirtualVisitAppointment(NiuVirtualVisitPage.java:208)
at niuHealth.cancelVirtualVisit.testCancelVisit(cancelVirtualVisit.java:57)
at java.base/jdk.internal.reflect.NativeMethodAccessorImpl.invoke0(Native Method)
at java.base/jdk.internal.reflect.NativeMethodAccessorImpl.invoke(NativeMethodAccessorImpl.java:77)
at java.base/jdk.internal.reflect.DelegatingMethodAccessorImpl.invoke(DelegatingMethodAccessorImpl.java:43)
at java.base/java.lang.reflect.Method.invoke(Method.java:568)
at org.testng.internal.MethodInvocationHelper.invokeMethod(MethodInvocationHelper.java:133)
at org.testng.internal.TestInvoker.invokeMethod(TestInvoker.java:598)
at org.testng.internal.TestInvoker.invokeTestMethod(TestInvoker.java:173)
at org.testng.internal.MethodRunner.runInSequence(MethodRunner.java:46)
at org.testng.internal.TestInvoker$MethodInvocationAgent.invoke(TestInvoker.java:824)
at org.testng.internal.TestInvoker.invokeTestMethods(TestInvoker.java:146)
at org.testng.internal.TestMethodWorker.invokeTestMethods(TestMethodWorker.java:146)
at org.testng.internal.TestMethodWorker.run(TestMethodWorker.java:128)
at java.base/java.util.ArrayList.forEach(ArrayList.java:1511)
at org.testng.TestRunner.privateRun(TestRunner.java:794)
at org.testng.TestRunner.run(TestRunner.java:596)
at org.testng.SuiteRunner.runTest(SuiteRunner.java:377)
at org.testng.SuiteRunner.runSequentially(SuiteRunner.java:371)
at org.testng.SuiteRunner.privateRun(SuiteRunner.java:332)
at org.testng.SuiteRunner.run(SuiteRunner.java:276)
at org.testng.SuiteRunnerWorker.runSuite(SuiteRunnerWorker.java:53)
at org.testng.SuiteRunnerWorker.run(SuiteRunnerWorker.java:96)
at org.testng.TestNG.runSuitesSequentially(TestNG.java:1212)
at org.testng.TestNG.runSuitesLocally(TestNG.java:1134)
at org.testng.TestNG.runSuites(TestNG.java:1063)
at org.testng.TestNG.run(TestNG.java:1031)
at org.testng.remote.AbstractRemoteTestNG.run(AbstractRemoteTestNG.java:115)
at org.testng.remote.RemoteTestNG.initAndRun(RemoteTestNG.java:251)
at org.testng.remote.RemoteTestNG.main(RemoteTestNG.java:77)
]]>
            </full-stacktrace>
          </exception> <!-- java.lang.AssertionError -->
          <reporter-output>
          </reporter-output>
        </test-method> <!-- testCancelVisit -->
        <test-method is-config="true" signature="publishReports(org.testng.ITestResult)[pri:0, instance:niuHealth.cancelVirtualVisit@6392827e]" started-at="2025-01-17T18:01:48 IST" name="publishReports" finished-at="2025-01-17T18:01:49 IST" duration-ms="147" status="PASS">
          <params>
            <param index="0">
              <value>
                <![CDATA[[TestResult name=testCancelVisit status=FAILURE method=cancelVirtualVisit.testCancelVisit()[pri:0, instance:niuHealth.cancelVirtualVisit@6392827e] output={null}]]]>
              </value>
            </param>
          </params>
          <reporter-output>
          </reporter-output>
        </test-method> <!-- publishReports -->
        <test-method is-config="true" signature="createReportAfterTest()[pri:0, instance:niuHealth.cancelVirtualVisit@6392827e]" started-at="2025-01-17T18:01:49 IST" name="createReportAfterTest" finished-at="2025-01-17T18:01:49 IST" duration-ms="308" status="PASS">
          <reporter-output>
          </reporter-output>
        </test-method> <!-- createReportAfterTest -->
      </class> <!-- niuHealth.cancelVirtualVisit -->
    </test> <!-- Default test -->
  </suite> <!-- Default suite -->
</testng-results>
